Mobile Game/Library/Bee/Android/Prj/IL2CPP/Gradle/launcher/build/intermediates/manifest_merge_blame_file/release/manifest-merger-blame-release-report.txt
1<?xml version="1.0" encoding="utf-8"?>
2<manifest xmlns:android="http://schemas.android.com/apk/res/android"
3    package="com.AMRN.BallDodge"
4    android:installLocation="preferExternal"
5    android:versionCode="7"
6    android:versionName="1.0.0" >
7
8    <uses-sdk
9        android:minSdkVersion="33"
9-->src\main\AndroidManifest.xml
10        android:targetSdkVersion="33" />
10-->src\main\AndroidManifest.xml
11
12    <supports-screens
12-->src\main\AndroidManifest.xml:3:3-163
13        android:anyDensity="true"
13-->src\main\AndroidManifest.xml:3:135-160
14        android:largeScreens="true"
14-->src\main\AndroidManifest.xml:3:78-105
15        android:normalScreens="true"
15-->src\main\AndroidManifest.xml:3:49-77
16        android:smallScreens="true"
16-->src\main\AndroidManifest.xml:3:21-48
17        android:xlargeScreens="true" />
17-->src\main\AndroidManifest.xml:3:106-134
18
19    <uses-feature android:glEsVersion="0x00030000" />
19-->[:unityLibrary] AndroidManifest.xml:12:5-54
19-->[:unityLibrary] AndroidManifest.xml:12:19-51
20    <uses-feature
20-->[:unityLibrary] AndroidManifest.xml:13:5-15:36
21        android:name="android.hardware.vulkan.version"
21-->[:unityLibrary] AndroidManifest.xml:14:9-55
22        android:required="false" />
22-->[:unityLibrary] AndroidManifest.xml:15:9-33
23
24    <uses-permission android:name="android.permission.INTERNET" />
24-->[:unityLibrary] AndroidManifest.xml:17:5-67
24-->[:unityLibrary] AndroidManifest.xml:17:22-64
25    <uses-permission android:name="android.permission.VIBRATE" />
25-->[:unityLibrary] AndroidManifest.xml:18:5-66
25-->[:unityLibrary] AndroidManifest.xml:18:22-63
26    <uses-permission android:name="android.permission.ACCESS_COARSE_LOCATION" />
26-->[:unityLibrary] AndroidManifest.xml:19:5-81
26-->[:unityLibrary] AndroidManifest.xml:19:22-78
27
28    <uses-feature
28-->[:unityLibrary] AndroidManifest.xml:21:5-23:36
29        android:name="android.hardware.location.gps"
29-->[:unityLibrary] AndroidManifest.xml:22:9-53
30        android:required="false" />
30-->[:unityLibrary] AndroidManifest.xml:23:9-33
31    <uses-feature
31-->[:unityLibrary] AndroidManifest.xml:24:5-26:36
32        android:name="android.hardware.location"
32-->[:unityLibrary] AndroidManifest.xml:25:9-49
33        android:required="false" />
33-->[:unityLibrary] AndroidManifest.xml:26:9-33
34
35    <uses-permission android:name="android.permission.CAMERA" />
35-->[:unityLibrary] AndroidManifest.xml:28:5-65
35-->[:unityLibrary] AndroidManifest.xml:28:22-62
36
37    <uses-feature
37-->[:unityLibrary] AndroidManifest.xml:30:5-32:36
38        android:name="android.hardware.camera"
38-->[:unityLibrary] AndroidManifest.xml:31:9-47
39        android:required="false" />
39-->[:unityLibrary] AndroidManifest.xml:32:9-33
40    <uses-feature
40-->[:unityLibrary] AndroidManifest.xml:33:5-35:36
41        android:name="android.hardware.camera.autofocus"
41-->[:unityLibrary] AndroidManifest.xml:34:9-57
42        android:required="false" />
42-->[:unityLibrary] AndroidManifest.xml:35:9-33
43    <uses-feature
43-->[:unityLibrary] AndroidManifest.xml:36:5-38:36
44        android:name="android.hardware.camera.front"
44-->[:unityLibrary] AndroidManifest.xml:37:9-53
45        android:required="false" />
45-->[:unityLibrary] AndroidManifest.xml:38:9-33
46    <uses-feature
46-->[:unityLibrary] AndroidManifest.xml:39:5-41:36
47        android:name="android.hardware.sensor.accelerometer"
47-->[:unityLibrary] AndroidManifest.xml:40:9-61
48        android:required="false" />
48-->[:unityLibrary] AndroidManifest.xml:41:9-33
49    <uses-feature
49-->[:unityLibrary] AndroidManifest.xml:42:5-44:36
50        android:name="android.hardware.touchscreen"
50-->[:unityLibrary] AndroidManifest.xml:43:9-52
51        android:required="false" />
51-->[:unityLibrary] AndroidManifest.xml:44:9-33
52    <uses-feature
52-->[:unityLibrary] AndroidManifest.xml:45:5-47:36
53        android:name="android.hardware.touchscreen.multitouch"
53-->[:unityLibrary] AndroidManifest.xml:46:9-63
54        android:required="false" />
54-->[:unityLibrary] AndroidManifest.xml:47:9-33
55    <uses-feature
55-->[:unityLibrary] AndroidManifest.xml:48:5-50:36
56        android:name="android.hardware.touchscreen.multitouch.distinct"
56-->[:unityLibrary] AndroidManifest.xml:49:9-72
57        android:required="false" />
57-->[:unityLibrary] AndroidManifest.xml:50:9-33
58
59    <uses-permission android:name="android.permission.ACCESS_NETWORK_STATE" />
59-->[:UnityAds:] AndroidManifest.xml:9:5-79
59-->[:UnityAds:] AndroidManifest.xml:9:22-76
60    <uses-permission android:name="com.google.android.gms.permission.AD_ID" />
60-->[:UnityAds:] AndroidManifest.xml:11:5-79
60-->[:UnityAds:] AndroidManifest.xml:11:22-76
61    <uses-permission android:name="android.permission.READ_EXTERNAL_STORAGE" />
61-->[:NativeGallery:] AndroidManifest.xml:4:2-98
61-->[:NativeGallery:] AndroidManifest.xml:4:19-74
62    <uses-permission android:name="android.permission.WRITE_EXTERNAL_STORAGE" />
62-->[:NativeGallery:] AndroidManifest.xml:5:2-99
62-->[:NativeGallery:] AndroidManifest.xml:5:19-75
63
64    <application
64-->src\main\AndroidManifest.xml:4:3-83
65        android:extractNativeLibs="true"
65-->[:unityLibrary] AndroidManifest.xml:52:18-50
66        android:icon="@mipmap/app_icon"
66-->src\main\AndroidManifest.xml:4:49-80
67        android:label="@string/app_name"
67-->src\main\AndroidManifest.xml:4:16-48
68        android:requestLegacyExternalStorage="true" >
68-->[:NativeGallery:] AndroidManifest.xml:6:15-58
69        <activity
69-->[:unityLibrary] AndroidManifest.xml:53:9-74:20
70            android:name="com.unity3d.player.UnityPlayerActivity"
70-->[:unityLibrary] AndroidManifest.xml:54:13-66
71            android:configChanges="mcc|mnc|locale|touchscreen|keyboard|keyboardHidden|navigation|orientation|screenLayout|uiMode|screenSize|smallestScreenSize|fontScale|layoutDirection|density"
71-->[:unityLibrary] AndroidManifest.xml:55:13-194
72            android:exported="true"
72-->[:unityLibrary] AndroidManifest.xml:56:13-36
73            android:hardwareAccelerated="false"
73-->[:unityLibrary] AndroidManifest.xml:57:13-48
74            android:launchMode="singleTask"
74-->[:unityLibrary] AndroidManifest.xml:58:13-44
75            android:resizeableActivity="false"
75-->[:unityLibrary] AndroidManifest.xml:59:13-47
76            android:screenOrientation="landscape"
76-->[:unityLibrary] AndroidManifest.xml:60:13-50
77            android:theme="@style/UnityThemeSelector" >
77-->[:unityLibrary] AndroidManifest.xml:61:13-54
78            <intent-filter>
78-->[:unityLibrary] AndroidManifest.xml:62:13-66:29
79                <action android:name="android.intent.action.MAIN" />
79-->[:unityLibrary] AndroidManifest.xml:63:17-69
79-->[:unityLibrary] AndroidManifest.xml:63:25-66
80
81                <category android:name="android.intent.category.LAUNCHER" />
81-->[:unityLibrary] AndroidManifest.xml:65:17-77
81-->[:unityLibrary] AndroidManifest.xml:65:27-74
82            </intent-filter>
83
84            <meta-data
84-->[:unityLibrary] AndroidManifest.xml:68:13-70:40
85                android:name="unityplayer.UnityActivity"
85-->[:unityLibrary] AndroidManifest.xml:69:17-57
86                android:value="true" />
86-->[:unityLibrary] AndroidManifest.xml:70:17-37
87            <meta-data
87-->[:unityLibrary] AndroidManifest.xml:71:13-73:40
88                android:name="android.notch_support"
88-->[:unityLibrary] AndroidManifest.xml:72:17-53
89                android:value="true" />
89-->[:unityLibrary] AndroidManifest.xml:73:17-37
90        </activity>
91
92        <meta-data
92-->[:unityLibrary] AndroidManifest.xml:76:9-78:33
93            android:name="unity.splash-mode"
93-->[:unityLibrary] AndroidManifest.xml:77:13-45
94            android:value="0" />
94-->[:unityLibrary] AndroidManifest.xml:78:13-30
95        <meta-data
95-->[:unityLibrary] AndroidManifest.xml:79:9-81:36
96            android:name="unity.splash-enable"
96-->[:unityLibrary] AndroidManifest.xml:80:13-47
97            android:value="True" />
97-->[:unityLibrary] AndroidManifest.xml:81:13-33
98        <meta-data
98-->[:unityLibrary] AndroidManifest.xml:82:9-84:36
99            android:name="unity.launch-fullscreen"
99-->[:unityLibrary] AndroidManifest.xml:83:13-51
100            android:value="True" />
100-->[:unityLibrary] AndroidManifest.xml:84:13-33
101        <meta-data
101-->[:unityLibrary] AndroidManifest.xml:85:9-87:37
102            android:name="unity.allow-resizable-window"
102-->[:unityLibrary] AndroidManifest.xml:86:13-56
103            android:value="False" />
103-->[:unityLibrary] AndroidManifest.xml:87:13-34
104        <meta-data
104-->[:unityLibrary] AndroidManifest.xml:88:9-90:50
105            android:name="notch.config"
105-->[:unityLibrary] AndroidManifest.xml:89:13-40
106            android:value="portrait|landscape" />
106-->[:unityLibrary] AndroidManifest.xml:90:13-47
107
108        <receiver
108-->[:unityLibrary] AndroidManifest.xml:92:9-94:40
109            android:name="com.unity.androidnotifications.UnityNotificationManager"
109-->[:unityLibrary] AndroidManifest.xml:93:13-83
110            android:exported="false" />
110-->[:unityLibrary] AndroidManifest.xml:94:13-37
111        <receiver
111-->[:unityLibrary] AndroidManifest.xml:95:9-102:20
112            android:name="com.unity.androidnotifications.UnityNotificationRestartOnBootReceiver"
112-->[:unityLibrary] AndroidManifest.xml:96:13-97
113            android:enabled="false"
113-->[:unityLibrary] AndroidManifest.xml:97:13-36
114            android:exported="false" >
114-->[:unityLibrary] AndroidManifest.xml:98:13-37
115            <intent-filter>
115-->[:unityLibrary] AndroidManifest.xml:99:13-101:29
116                <action android:name="android.intent.action.BOOT_COMPLETED" />
116-->[:unityLibrary] AndroidManifest.xml:100:17-79
116-->[:unityLibrary] AndroidManifest.xml:100:25-76
117            </intent-filter>
118        </receiver>
119
120        <activity
120-->[:UnityAds:] AndroidManifest.xml:14:9-18:74
121            android:name="com.unity3d.services.ads.adunit.AdUnitActivity"
121-->[:UnityAds:] AndroidManifest.xml:15:13-74
122            android:configChanges="fontScale|keyboard|keyboardHidden|locale|mnc|mcc|navigation|orientation|screenLayout|screenSize|smallestScreenSize|uiMode|touchscreen"
122-->[:UnityAds:] AndroidManifest.xml:16:13-170
123            android:hardwareAccelerated="true"
123-->[:UnityAds:] AndroidManifest.xml:17:13-47
124            android:theme="@android:style/Theme.NoTitleBar.Fullscreen" />
124-->[:UnityAds:] AndroidManifest.xml:18:13-71
125        <activity
125-->[:UnityAds:] AndroidManifest.xml:19:9-23:86
126            android:name="com.unity3d.services.ads.adunit.AdUnitTransparentActivity"
126-->[:UnityAds:] AndroidManifest.xml:20:13-85
127            android:configChanges="fontScale|keyboard|keyboardHidden|locale|mnc|mcc|navigation|orientation|screenLayout|screenSize|smallestScreenSize|uiMode|touchscreen"
127-->[:UnityAds:] AndroidManifest.xml:21:13-170
128            android:hardwareAccelerated="true"
128-->[:UnityAds:] AndroidManifest.xml:22:13-47
129            android:theme="@android:style/Theme.Translucent.NoTitleBar.Fullscreen" />
129-->[:UnityAds:] AndroidManifest.xml:23:13-83
130        <activity
130-->[:UnityAds:] AndroidManifest.xml:24:9-28:86
131            android:name="com.unity3d.services.ads.adunit.AdUnitTransparentSoftwareActivity"
131-->[:UnityAds:] AndroidManifest.xml:25:13-93
132            android:configChanges="fontScale|keyboard|keyboardHidden|locale|mnc|mcc|navigation|orientation|screenLayout|screenSize|smallestScreenSize|uiMode|touchscreen"
132-->[:UnityAds:] AndroidManifest.xml:26:13-170
133            android:hardwareAccelerated="false"
133-->[:UnityAds:] AndroidManifest.xml:27:13-48
134            android:theme="@android:style/Theme.Translucent.NoTitleBar.Fullscreen" />
134-->[:UnityAds:] AndroidManifest.xml:28:13-83
135        <activity
135-->[:UnityAds:] AndroidManifest.xml:29:9-33:74
136            android:name="com.unity3d.services.ads.adunit.AdUnitSoftwareActivity"
136-->[:UnityAds:] AndroidManifest.xml:30:13-82
137            android:configChanges="fontScale|keyboard|keyboardHidden|locale|mnc|mcc|navigation|orientation|screenLayout|screenSize|smallestScreenSize|uiMode|touchscreen"
137-->[:UnityAds:] AndroidManifest.xml:31:13-170
138            android:hardwareAccelerated="false"
138-->[:UnityAds:] AndroidManifest.xml:32:13-48
139            android:theme="@android:style/Theme.NoTitleBar.Fullscreen" />
139-->[:UnityAds:] AndroidManifest.xml:33:13-71
140    </application>
141
142</manifest>